INFO  [2022-06-20 13:36:21,468] org.apache.iotdb.tool.ui.scene.ScenesManager:101 - TsFile Choose, the page: org.apache.iotdb.tool.ui.scene.TsFileChooserPage@2db0a592 
INFO  [2022-06-20 13:36:29,690] org.apache.iotdb.tool.core.service.TsFileAnalyserV13:242 - Starting read a new ChunkGroupHeader, lastDeviceId:null 
INFO  [2022-06-20 13:36:30,406] org.apache.iotdb.tool.core.service.TsFileAnalyserV13:300 - Read the tail of the data section, the lastDeviceId:root.ln.test.tag 
INFO  [2022-06-20 13:36:30,457] org.apache.iotdb.tool.core.service.TsFileAnalyserV13$TsFileAnalysedToolReader:754 - Start reading TsFileMetadata, preparing to deserialized index. 
INFO  [2022-06-20 13:36:30,458] org.apache.iotdb.tool.ui.scene.ScenesManager$2:143 - TsFile Load completed. 
INFO  [2022-06-20 13:36:30,459] org.apache.iotdb.tool.core.service.TsFileAnalyserV13:97 - init completed! 
INFO  [2022-06-20 13:36:34,323] org.apache.iotdb.tool.core.service.TsFileAnalyserV13:464 - read more than one page or read a page of aligned chunk, the chunkType:1 
INFO  [2022-06-20 13:36:34,777] org.apache.iotdb.tool.core.service.TsFileAnalyserV13:464 - read more than one page or read a page of aligned chunk, the chunkType:1 
INFO  [2022-06-20 13:36:40,014] org.apache.iotdb.tool.core.service.TsFileAnalyserV13:464 - read more than one page or read a page of aligned chunk, the chunkType:1 
INFO  [2022-06-20 16:19:03,646] org.apache.iotdb.tool.ui.scene.ScenesManager:101 - TsFile Choose, the page: org.apache.iotdb.tool.ui.scene.TsFileChooserPage@99cfa48 
INFO  [2022-06-20 16:19:11,482] org.apache.iotdb.tool.core.service.TsFileAnalyserV13:242 - Starting read a new ChunkGroupHeader, lastDeviceId:null 
INFO  [2022-06-20 16:19:12,135] org.apache.iotdb.tool.core.service.TsFileAnalyserV13:300 - Read the tail of the data section, the lastDeviceId:root.ln.test.tag 
INFO  [2022-06-20 16:19:12,139] org.apache.iotdb.tool.core.service.TsFileAnalyserV13$TsFileAnalysedToolReader:754 - Start reading TsFileMetadata, preparing to deserialized index. 
INFO  [2022-06-20 16:19:12,139] org.apache.iotdb.tool.ui.scene.ScenesManager$2:143 - TsFile Load completed. 
INFO  [2022-06-20 16:19:12,141] org.apache.iotdb.tool.core.service.TsFileAnalyserV13:97 - init completed! 
INFO  [2022-06-20 17:29:14,592] org.apache.iotdb.tool.core.service.TsFileAnalyserV13:464 - read more than one page or read a page of aligned chunk, the chunkType:1 
INFO  [2022-06-20 17:37:38,096] org.apache.iotdb.tool.core.service.TsFileAnalyserV13:464 - read more than one page or read a page of aligned chunk, the chunkType:1 
INFO  [2022-06-20 17:37:58,990] org.apache.iotdb.tool.core.service.TsFileAnalyserV13:498 - read a page of aligned chunk, the chunkType:5 
INFO  [2022-06-20 17:38:01,333] org.apache.iotdb.tool.core.service.TsFileAnalyserV13:464 - read more than one page or read a page of aligned chunk, the chunkType:1 
INFO  [2022-06-21 16:42:44,392] org.apache.iotdb.tool.ui.scene.ScenesManager:101 - TsFile Choose, the page: org.apache.iotdb.tool.ui.scene.TsFileChooserPage@710c25e3 
INFO  [2022-06-21 16:42:50,404] org.apache.iotdb.tool.core.service.TsFileAnalyserV13:242 - Starting read a new ChunkGroupHeader, lastDeviceId:null 
INFO  [2022-06-21 16:42:51,196] org.apache.iotdb.tool.core.service.TsFileAnalyserV13:300 - Read the tail of the data section, the lastDeviceId:root.ln.test.tag 
INFO  [2022-06-21 16:42:51,214] org.apache.iotdb.tool.core.service.TsFileAnalyserV13$TsFileAnalysedToolReader:754 - Start reading TsFileMetadata, preparing to deserialized index. 
INFO  [2022-06-21 16:42:51,216] org.apache.iotdb.tool.ui.scene.ScenesManager$2:143 - TsFile Load completed. 
INFO  [2022-06-21 16:42:51,217] org.apache.iotdb.tool.core.service.TsFileAnalyserV13:97 - init completed! 
